2017-07-07 14:40:58,847 [1] INFO  pixChange.Program - 程序启动
 pixChange.Programname2017-07-07 23:32:07,200 [9] INFO  pixChange.Program - 程序启动
 pixChange.Programname2017-07-07 23:43:32,661 [9] INFO  pixChange.Program - 程序启动
 pixChange.Programname2017-07-07 23:43:48,723 [12] ERROR pixChange.Program - 天气信息提取异常
 pixChange.ProgramnameSystem.Net.WebException: 未能解析此远程名称: 'www.nmc.cn'
   在 System.Net.HttpWebRequest.GetResponse()
   在 HtmlAgilityPack.HtmlWeb.Get(Uri uri, String method, String path, HtmlDocument doc, IWebProxy proxy, ICredentials creds)
   在 HtmlAgilityPack.HtmlWeb.LoadUrl(Uri uri, String method, WebProxy proxy, NetworkCredential creds)
   在 HtmlAgilityPack.HtmlWeb.Load(String url, String method)
   在 HtmlAgilityPack.HtmlWeb.Load(String url)
   在 HtmlAgilityPackDemo1.GetWeatherMessage.getforcastMessage(String url) 位置 e:\项目\temp2\RaskRoadaAndGeology\pixChange\WeatherHander\GetWeatherMessage.cs:行号 22
   在 RoadRaskEvaltionSystem.WeatherHander.SaveWeatherMsg.SaveForeacastWerherMsg(String url, Int32 AreaID, Boolean& isSaved7days) 位置 e:\项目\temp2\RaskRoadaAndGeology\pixChange\WeatherHander\SaveWeatherMsg.cs:行号 23
   在 pixChange.Program.getWeatherData() 位置 e:\项目\temp2\RaskRoadaAndGeology\pixChange\Program.cs:行号 68
2017-07-07 23:55:54,996 [9] INFO  pixChange.Program - 程序启动
 pixChange.Programname2017-07-07 23:56:11,152 [12] ERROR pixChange.Program - 天气信息提取异常
 pixChange.ProgramnameSystem.Net.WebException: 未能解析此远程名称: 'www.nmc.cn'
   在 System.Net.HttpWebRequest.GetResponse()
   在 HtmlAgilityPack.HtmlWeb.Get(Uri uri, String method, String path, HtmlDocument doc, IWebProxy proxy, ICredentials creds)
   在 HtmlAgilityPack.HtmlWeb.LoadUrl(Uri uri, String method, WebProxy proxy, NetworkCredential creds)
   在 HtmlAgilityPack.HtmlWeb.Load(String url, String method)
   在 HtmlAgilityPack.HtmlWeb.Load(String url)
   在 HtmlAgilityPackDemo1.GetWeatherMessage.getforcastMessage(String url) 位置 e:\项目\temp2\RaskRoadaAndGeology\pixChange\WeatherHander\GetWeatherMessage.cs:行号 22
   在 RoadRaskEvaltionSystem.WeatherHander.SaveWeatherMsg.SaveForeacastWerherMsg(String url, Int32 AreaID, Boolean& isSaved7days) 位置 e:\项目\temp2\RaskRoadaAndGeology\pixChange\WeatherHander\SaveWeatherMsg.cs:行号 23
   在 pixChange.Program.getWeatherData() 位置 e:\项目\temp2\RaskRoadaAndGeology\pixChange\Program.cs:行号 68
2017-07-07 23:59:13,091 [10] INFO  pixChange.Program - 程序启动
 pixChange.Programname2017-07-07 23:59:29,235 [13] ERROR pixChange.Program - 天气信息提取异常
 pixChange.ProgramnameSystem.Net.WebException: 未能解析此远程名称: 'www.nmc.cn'
   在 System.Net.HttpWebRequest.GetResponse()
   在 HtmlAgilityPack.HtmlWeb.Get(Uri uri, String method, String path, HtmlDocument doc, IWebProxy proxy, ICredentials creds)
   在 HtmlAgilityPack.HtmlWeb.LoadUrl(Uri uri, String method, WebProxy proxy, NetworkCredential creds)
   在 HtmlAgilityPack.HtmlWeb.Load(String url, String method)
   在 HtmlAgilityPack.HtmlWeb.Load(String url)
   在 HtmlAgilityPackDemo1.GetWeatherMessage.getforcastMessage(String url) 位置 e:\项目\temp2\RaskRoadaAndGeology\pixChange\WeatherHander\GetWeatherMessage.cs:行号 22
   在 RoadRaskEvaltionSystem.WeatherHander.SaveWeatherMsg.SaveForeacastWerherMsg(String url, Int32 AreaID, Boolean& isSaved7days) 位置 e:\项目\temp2\RaskRoadaAndGeology\pixChange\WeatherHander\SaveWeatherMsg.cs:行号 23
   在 pixChange.Program.getWeatherData() 位置 e:\项目\temp2\RaskRoadaAndGeology\pixChange\Program.cs:行号 68
